[0m22:03:34  Running with dbt=1.3.2
[0m22:03:34  Found 9 models, 44 tests, 0 snapshots, 0 analyses, 289 macros, 0 operations, 4 seed files, 4 sources, 0 exposures, 0 metrics
[0m22:03:34
[0m22:03:34  Concurrency: 4 threads (target='dev')
[0m22:03:34
[0m22:03:34  1 of 56 START sql view model raw.stg_address ................................... [RUN]
[0m22:03:34  2 of 56 START sql view model raw.stg_customers ................................. [RUN]
[0m22:03:34  3 of 56 START sql view model raw.stg_orders .................................... [RUN]
[0m22:03:34  4 of 56 START sql view model raw.stg_products .................................. [RUN]
[0m22:03:34  1 of 56 OK created sql view model raw.stg_address .............................. [[32mCREATE VIEW[0m in 0.29s]
[0m22:03:34  2 of 56 OK created sql view model raw.stg_customers ............................ [[32mCREATE VIEW[0m in 0.29s]
[0m22:03:34  4 of 56 OK created sql view model raw.stg_products ............................. [[32mCREATE VIEW[0m in 0.29s]
[0m22:03:34  5 of 56 START sql view model raw.stg_sales ..................................... [RUN]
[0m22:03:34  3 of 56 OK created sql view model raw.stg_orders ............................... [[32mCREATE VIEW[0m in 0.29s]
[0m22:03:34  6 of 56 START seed file raw.customers .......................................... [RUN]
[0m22:03:34  7 of 56 START seed file raw.orders ............................................. [RUN]
[0m22:03:34  8 of 56 START seed file raw.products ........................................... [RUN]
[0m22:03:35  5 of 56 OK created sql view model raw.stg_sales ................................ [[32mCREATE VIEW[0m in 0.56s]
[0m22:03:35  9 of 56 START seed file raw.sales .............................................. [RUN]
[0m22:03:46  7 of 56 OK loaded seed file raw.orders ......................................... [[32mINSERT 1000[0m in 11.96s]
[0m22:03:46  10 of 56 START test assert_only_adults__customers .............................. [RUN]
[0m22:03:53  10 of 56 PASS assert_only_adults__customers .................................... [[32mPASS[0m in 6.64s]
[0m22:03:53  6 of 56 OK loaded seed file raw.customers ...................................... [[32mINSERT 1000[0m in 18.64s]
[0m22:03:53  11 of 56 START test assert_products_positive_prices ............................ [RUN]
[0m22:03:53  12 of 56 START test assert_products_positive_quantities ........................ [RUN]
[0m22:03:54  12 of 56 PASS assert_products_positive_quantities .............................. [[32mPASS[0m in 0.57s]
[0m22:03:54  8 of 56 OK loaded seed file raw.products ....................................... [[32mINSERT 1260[0m in 19.43s]
[0m22:03:54  11 of 56 PASS assert_products_positive_prices .................................. [[32mPASS[0m in 0.66s]
[0m22:03:54  13 of 56 START test assert_delivery_date_greater_than_order_date__orders ....... [RUN]
[0m22:03:54  14 of 56 START test assert_orders_positive_payments ............................ [RUN]
[0m22:03:54  15 of 56 START test assert_sales_positive_prices ............................... [RUN]
[0m22:03:54  14 of 56 PASS assert_orders_positive_payments .................................. [[32mPASS[0m in 0.60s]
[0m22:03:54  13 of 56 PASS assert_delivery_date_greater_than_order_date__orders ............. [[32mPASS[0m in 0.65s]
[0m22:03:55  16 of 56 START test assert_sales_positive_quantities ........................... [RUN]
[0m22:03:55  17 of 56 START test assert_sales_positive_total_prices ......................... [RUN]
[0m22:04:02  16 of 56 PASS assert_sales_positive_quantities ................................. [[32mPASS[0m in 7.45s]
[0m22:04:02  18 of 56 START test not_null_orders_customer_id ................................ [RUN]
[0m22:04:02  9 of 56 OK loaded seed file raw.sales .......................................... [[32mINSERT 5000[0m in 27.08s]
[0m22:04:02  17 of 56 PASS assert_sales_positive_total_prices ............................... [[32mPASS[0m in 7.41s]
[0m22:04:02  15 of 56 PASS assert_sales_positive_prices ..................................... [[32mPASS[0m in 8.13s]
[0m22:04:02  19 of 56 START test not_null_orders_delivery_date .............................. [RUN]
[0m22:04:02  20 of 56 START test not_null_orders_order_date ................................. [RUN]
[0m22:04:02  21 of 56 START test not_null_orders_order_id ................................... [RUN]
[0m22:04:02  18 of 56 PASS not_null_orders_customer_id ...................................... [[32mPASS[0m in 0.08s]
[0m22:04:02  22 of 56 START test not_null_orders_payment .................................... [RUN]
[0m22:04:02  19 of 56 PASS not_null_orders_delivery_date .................................... [[32mPASS[0m in 0.07s]
[0m22:04:02  20 of 56 PASS not_null_orders_order_date ....................................... [[32mPASS[0m in 0.07s]
[0m22:04:02  23 of 56 START test unique_orders_order_id ..................................... [RUN]
[0m22:04:02  21 of 56 PASS not_null_orders_order_id ......................................... [[32mPASS[0m in 0.08s]
[0m22:04:02  24 of 56 START test accepted_values_customers_country__Australia ............... [RUN]
[0m22:04:02  25 of 56 START test not_null_customers_age ..................................... [RUN]
[0m22:04:02  22 of 56 PASS not_null_orders_payment .......................................... [[32mPASS[0m in 0.09s]
[0m22:04:02  23 of 56 PASS unique_orders_order_id ........................................... [[32mPASS[0m in 0.08s]
[0m22:04:02  26 of 56 START test not_null_customers_city .................................... [RUN]
[0m22:04:02  27 of 56 START test not_null_customers_country ................................. [RUN]
[0m22:04:02  24 of 56 PASS accepted_values_customers_country__Australia ..................... [[32mPASS[0m in 0.09s]
[0m22:04:02  25 of 56 PASS not_null_customers_age ........................................... [[32mPASS[0m in 0.08s]
[0m22:04:02  28 of 56 START test not_null_customers_customer_id ............................. [RUN]
[0m22:04:02  29 of 56 START test not_null_customers_customer_name ........................... [RUN]
[0m22:04:02  26 of 56 PASS not_null_customers_city .......................................... [[32mPASS[0m in 0.08s]
[0m22:04:02  30 of 56 START test not_null_customers_gender .................................. [RUN]
[0m22:04:02  27 of 56 PASS not_null_customers_country ....................................... [[32mPASS[0m in 0.08s]
[0m22:04:02  31 of 56 START test not_null_customers_home_address ............................ [RUN]
[0m22:04:02  29 of 56 PASS not_null_customers_customer_name ................................. [[32mPASS[0m in 0.12s]
[0m22:04:02  28 of 56 PASS not_null_customers_customer_id ................................... [[32mPASS[0m in 0.13s]
[0m22:04:02  32 of 56 START test not_null_customers_state ................................... [RUN]
[0m22:04:02  33 of 56 START test not_null_customers_zip_code ................................ [RUN]
[0m22:04:02  30 of 56 PASS not_null_customers_gender ........................................ [[32mPASS[0m in 0.11s]
[0m22:04:02  34 of 56 START test relationships_orders_customer_id__customer_id__ref_customers_  [RUN]
[0m22:04:02  31 of 56 PASS not_null_customers_home_address .................................. [[32mPASS[0m in 0.08s]
[0m22:04:02  35 of 56 START test unique_customers_customer_id ............................... [RUN]
[0m22:04:02  32 of 56 PASS not_null_customers_state ......................................... [[32mPASS[0m in 0.09s]
[0m22:04:02  33 of 56 PASS not_null_customers_zip_code ...................................... [[32mPASS[0m in 0.09s]
[0m22:04:02  37 of 56 START test not_null_products_description .............................. [RUN]
[0m22:04:02  36 of 56 START test not_null_products_colour ................................... [RUN]
[0m22:04:02  34 of 56 PASS relationships_orders_customer_id__customer_id__ref_customers_ .... [[32mPASS[0m in 0.09s]
[0m22:04:02  35 of 56 PASS unique_customers_customer_id ..................................... [[32mPASS[0m in 0.07s]
[0m22:04:02  38 of 56 START test not_null_products_price .................................... [RUN]
[0m22:04:02  39 of 56 START test not_null_products_product_id ............................... [RUN]
[0m22:04:03  37 of 56 PASS not_null_products_description .................................... [[32mPASS[0m in 0.08s]
[0m22:04:03  36 of 56 PASS not_null_products_colour ......................................... [[32mPASS[0m in 0.08s]
[0m22:04:03  40 of 56 START test not_null_products_product_name ............................. [RUN]
[0m22:04:03  41 of 56 START test not_null_products_product_type ............................. [RUN]
[0m22:04:03  38 of 56 PASS not_null_products_price .......................................... [[32mPASS[0m in 0.06s]
[0m22:04:03  42 of 56 START test not_null_products_quantity ................................. [RUN]
[0m22:04:03  39 of 56 PASS not_null_products_product_id ..................................... [[32mPASS[0m in 0.09s]
[0m22:04:03  43 of 56 START test not_null_products_size ..................................... [RUN]
[0m22:04:03  41 of 56 PASS not_null_products_product_type ................................... [[32mPASS[0m in 0.08s]
[0m22:04:03  40 of 56 PASS not_null_products_product_name ................................... [[32mPASS[0m in 0.08s]
[0m22:04:03  44 of 56 START test unique_products_product_id ................................. [RUN]
[0m22:04:03  45 of 56 START test not_null_sales_order_id .................................... [RUN]
[0m22:04:03  42 of 56 PASS not_null_products_quantity ....................................... [[32mPASS[0m in 0.08s]
[0m22:04:03  46 of 56 START test not_null_sales_price_per_unit .............................. [RUN]
[0m22:04:03  43 of 56 PASS not_null_products_size ........................................... [[32mPASS[0m in 0.08s]
[0m22:04:03  47 of 56 START test not_null_sales_product_id .................................. [RUN]
[0m22:04:03  45 of 56 PASS not_null_sales_order_id .......................................... [[32mPASS[0m in 0.07s]
[0m22:04:03  48 of 56 START test not_null_sales_quantity .................................... [RUN]
[0m22:04:03  44 of 56 PASS unique_products_product_id ....................................... [[32mPASS[0m in 0.09s]
[0m22:04:03  46 of 56 PASS not_null_sales_price_per_unit .................................... [[32mPASS[0m in 0.06s]
[0m22:04:03  49 of 56 START test not_null_sales_sales_id .................................... [RUN]
[0m22:04:03  50 of 56 START test not_null_sales_total_price ................................. [RUN]
[0m22:04:03  47 of 56 PASS not_null_sales_product_id ........................................ [[32mPASS[0m in 0.08s]
[0m22:04:03  51 of 56 START test relationships_sales_order_id__order_id__ref_orders_ ........ [RUN]
[0m22:04:03  48 of 56 PASS not_null_sales_quantity .......................................... [[32mPASS[0m in 0.08s]
[0m22:04:03  52 of 56 START test relationships_sales_product_id__product_id__ref_products_ .. [RUN]
[0m22:04:03  49 of 56 PASS not_null_sales_sales_id .......................................... [[32mPASS[0m in 0.07s]
[0m22:04:03  53 of 56 START test unique_sales_sales_id ...................................... [RUN]
[0m22:04:03  50 of 56 PASS not_null_sales_total_price ....................................... [[32mPASS[0m in 0.08s]
[0m22:04:03  54 of 56 START sql table model raw.fct_sales ................................... [RUN]
[0m22:04:03  51 of 56 PASS relationships_sales_order_id__order_id__ref_orders_ .............. [[32mPASS[0m in 0.08s]
[0m22:04:03  55 of 56 START sql view model raw.overall_top_sales ............................ [RUN]
[0m22:04:03  52 of 56 PASS relationships_sales_product_id__product_id__ref_products_ ........ [[32mPASS[0m in 0.11s]
[0m22:04:03  56 of 56 START sql view model raw.sales_pivot_over_states ...................... [RUN]
[0m22:04:03  53 of 56 PASS unique_sales_sales_id ............................................ [[32mPASS[0m in 0.11s]
[0m22:04:03  55 of 56 OK created sql view model raw.overall_top_sales ....................... [[32mCREATE VIEW[0m in 0.13s]
[0m22:04:03  54 of 56 OK created sql table model raw.fct_sales .............................. [[32mSELECT 5000[0m in 0.20s]
[0m22:04:03  56 of 56 OK created sql view model raw.sales_pivot_over_states ................. [[32mCREATE VIEW[0m in 0.13s]
[0m22:04:03
[0m22:04:03  Finished running 7 view models, 4 seeds, 44 tests, 1 table model in 0 hours 0 minutes and 29.25 seconds (29.25s).
[0m22:04:03
[0m22:04:03  [32mCompleted successfully[0m
[0m22:04:03
[0m22:04:03  Done. PASS=56 WARN=0 ERROR=0 SKIP=0 TOTAL=56
